{"E:\\Projects\\recipe-app\\src\\App.js": {"path":"E:\\Projects\\recipe-app\\src\\App.js","statementMap":{"0":{"start":{"line":9,"column":12},"end":{"line":22,"column":1}},"1":{"start":{"line":10,"column":2},"end":{"line":21,"column":4}}},"fnMap":{"0":{"name":"(anonymous_0)","decl":{"start":{"line":9,"column":12},"end":{"line":9,"column":13}},"loc":{"start":{"line":9,"column":18},"end":{"line":22,"column":1}},"line":9}},"branchMap":{},"s":{"0":1,"1":3},"f":{"0":3},"b":{},"_coverageSchema":"1a1c01bbd47fc00a2c39e90264f33305004495a9","hash":"992d2d9272d941df2edcec6eb25080a92881e304"}
,"E:\\Projects\\recipe-app\\src\\index.js": {"path":"E:\\Projects\\recipe-app\\src\\index.js","statementMap":{"0":{"start":{"line":10,"column":13},"end":{"line":10,"column":65}},"1":{"start":{"line":11,"column":0},"end":{"line":15,"column":2}}},"fnMap":{},"branchMap":{},"s":{"0":0,"1":0},"f":{},"b":{}}
,"E:\\Projects\\recipe-app\\src\\components\\Filters.js": {"path":"E:\\Projects\\recipe-app\\src\\components\\Filters.js","statementMap":{"0":{"start":{"line":4,"column":16},"end":{"line":26,"column":1}},"1":{"start":{"line":5,"column":2},"end":{"line":25,"column":3}},"2":{"start":{"line":7,"column":60},"end":{"line":7,"column":107}},"3":{"start":{"line":18,"column":63},"end":{"line":18,"column":113}}},"fnMap":{"0":{"name":"(anonymous_0)","decl":{"start":{"line":4,"column":16},"end":{"line":4,"column":17}},"loc":{"start":{"line":4,"column":41},"end":{"line":26,"column":1}},"line":4},"1":{"name":"(anonymous_1)","decl":{"start":{"line":7,"column":54},"end":{"line":7,"column":55}},"loc":{"start":{"line":7,"column":60},"end":{"line":7,"column":107}},"line":7},"2":{"name":"(anonymous_2)","decl":{"start":{"line":18,"column":57},"end":{"line":18,"column":58}},"loc":{"start":{"line":18,"column":63},"end":{"line":18,"column":113}},"line":18}},"branchMap":{},"s":{"0":3,"1":4,"2":1,"3":1},"f":{"0":4,"1":1,"2":1},"b":{},"_coverageSchema":"1a1c01bbd47fc00a2c39e90264f33305004495a9","hash":"a13f18951c967a73e0e7f1a73a66c0475c49ce13"}
,"E:\\Projects\\recipe-app\\src\\components\\RecipeList.js": {"path":"E:\\Projects\\recipe-app\\src\\components\\RecipeList.js","statementMap":{"0":{"start":{"line":9,"column":19},"end":{"line":53,"column":1}},"1":{"start":{"line":10,"column":19},"end":{"line":10,"column":32}},"2":{"start":{"line":11,"column":38},"end":{"line":11,"column":75}},"3":{"start":{"line":11,"column":61},"end":{"line":11,"column":74}},"4":{"start":{"line":13,"column":38},"end":{"line":13,"column":50}},"5":{"start":{"line":14,"column":30},"end":{"line":14,"column":69}},"6":{"start":{"line":16,"column":2},"end":{"line":18,"column":17}},"7":{"start":{"line":17,"column":4},"end":{"line":17,"column":29}},"8":{"start":{"line":20,"column":2},"end":{"line":20,"column":40}},"9":{"start":{"line":20,"column":15},"end":{"line":20,"column":40}},"10":{"start":{"line":21,"column":2},"end":{"line":21,"column":42}},"11":{"start":{"line":21,"column":13},"end":{"line":21,"column":42}},"12":{"start":{"line":22,"column":2},"end":{"line":22,"column":35}},"13":{"start":{"line":24,"column":26},"end":{"line":30,"column":4}},"14":{"start":{"line":25,"column":4},"end":{"line":29,"column":6}},"15":{"start":{"line":31,"column":2},"end":{"line":52,"column":4}},"16":{"start":{"line":39,"column":12},"end":{"line":48,"column":18}}},"fnMap":{"0":{"name":"(anonymous_0)","decl":{"start":{"line":9,"column":19},"end":{"line":9,"column":20}},"loc":{"start":{"line":9,"column":25},"end":{"line":53,"column":1}},"line":9},"1":{"name":"(anonymous_1)","decl":{"start":{"line":11,"column":50},"end":{"line":11,"column":51}},"loc":{"start":{"line":11,"column":61},"end":{"line":11,"column":74}},"line":11},"2":{"name":"(anonymous_2)","decl":{"start":{"line":16,"column":12},"end":{"line":16,"column":13}},"loc":{"start":{"line":16,"column":18},"end":{"line":18,"column":3}},"line":16},"3":{"name":"(anonymous_3)","decl":{"start":{"line":24,"column":41},"end":{"line":24,"column":42}},"loc":{"start":{"line":24,"column":53},"end":{"line":30,"column":3}},"line":24},"4":{"name":"(anonymous_4)","decl":{"start":{"line":38,"column":29},"end":{"line":38,"column":30}},"loc":{"start":{"line":39,"column":12},"end":{"line":48,"column":18}},"line":39}},"branchMap":{"0":{"loc":{"start":{"line":20,"column":2},"end":{"line":20,"column":40}},"type":"if","locations":[{"start":{"line":20,"column":2},"end":{"line":20,"column":40}},{"start":{},"end":{}}],"line":20},"1":{"loc":{"start":{"line":21,"column":2},"end":{"line":21,"column":42}},"type":"if","locations":[{"start":{"line":21,"column":2},"end":{"line":21,"column":42}},{"start":{},"end":{}}],"line":21},"2":{"loc":{"start":{"line":26,"column":8},"end":{"line":28,"column":76}},"type":"binary-expr","locations":[{"start":{"line":26,"column":8},"end":{"line":26,"column":68}},{"start":{"line":27,"column":9},"end":{"line":27,"column":66}},{"start":{"line":28,"column":9},"end":{"line":28,"column":75}}],"line":26},"3":{"loc":{"start":{"line":27,"column":9},"end":{"line":27,"column":66}},"type":"cond-expr","locations":[{"start":{"line":27,"column":26},"end":{"line":27,"column":59}},{"start":{"line":27,"column":62},"end":{"line":27,"column":66}}],"line":27},"4":{"loc":{"start":{"line":28,"column":9},"end":{"line":28,"column":75}},"type":"cond-expr","locations":[{"start":{"line":28,"column":29},"end":{"line":28,"column":68}},{"start":{"line":28,"column":71},"end":{"line":28,"column":75}}],"line":28}},"s":{"0":2,"1":9,"2":9,"3":18,"4":9,"5":9,"6":9,"7":5,"8":9,"9":5,"10":4,"11":1,"12":3,"13":3,"14":6,"15":3,"16":6},"f":{"0":9,"1":18,"2":5,"3":6,"4":6},"b":{"0":[5,4],"1":[1,3],"2":[6,6,6],"3":[0,6],"4":[0,6]},"_coverageSchema":"1a1c01bbd47fc00a2c39e90264f33305004495a9","hash":"9a34cb18496be848b4ea903ce376ab0551a887db"}
,"E:\\Projects\\recipe-app\\src\\components\\SearchBar.js": {"path":"E:\\Projects\\recipe-app\\src\\components\\SearchBar.js","statementMap":{"0":{"start":{"line":4,"column":18},"end":{"line":13,"column":1}},"1":{"start":{"line":5,"column":2},"end":{"line":12,"column":3}},"2":{"start":{"line":10,"column":24},"end":{"line":10,"column":53}}},"fnMap":{"0":{"name":"(anonymous_0)","decl":{"start":{"line":4,"column":18},"end":{"line":4,"column":19}},"loc":{"start":{"line":4,"column":51},"end":{"line":13,"column":1}},"line":4},"1":{"name":"(anonymous_1)","decl":{"start":{"line":10,"column":18},"end":{"line":10,"column":19}},"loc":{"start":{"line":10,"column":24},"end":{"line":10,"column":53}},"line":10}},"branchMap":{},"s":{"0":3,"1":4,"2":1},"f":{"0":4,"1":1},"b":{},"_coverageSchema":"1a1c01bbd47fc00a2c39e90264f33305004495a9","hash":"67beb631572ae7487aab7d46f0c57088a679d767"}
,"E:\\Projects\\recipe-app\\src\\pages\\RecipeDetailPage.js": {"path":"E:\\Projects\\recipe-app\\src\\pages\\RecipeDetailPage.js","statementMap":{"0":{"start":{"line":6,"column":25},"end":{"line":44,"column":1}},"1":{"start":{"line":7,"column":17},"end":{"line":7,"column":28}},"2":{"start":{"line":8,"column":17},"end":{"line":10,"column":3}},"3":{"start":{"line":9,"column":4},"end":{"line":9,"column":60}},"4":{"start":{"line":9,"column":38},"end":{"line":9,"column":59}},"5":{"start":{"line":12,"column":2},"end":{"line":12,"column":47}},"6":{"start":{"line":12,"column":15},"end":{"line":12,"column":47}},"7":{"start":{"line":14,"column":2},"end":{"line":43,"column":4}},"8":{"start":{"line":30,"column":14},"end":{"line":30,"column":64}},"9":{"start":{"line":37,"column":14},"end":{"line":37,"column":41}}},"fnMap":{"0":{"name":"(anonymous_0)","decl":{"start":{"line":6,"column":25},"end":{"line":6,"column":26}},"loc":{"start":{"line":6,"column":31},"end":{"line":44,"column":1}},"line":6},"1":{"name":"(anonymous_1)","decl":{"start":{"line":8,"column":29},"end":{"line":8,"column":30}},"loc":{"start":{"line":9,"column":4},"end":{"line":9,"column":60}},"line":9},"2":{"name":"(anonymous_2)","decl":{"start":{"line":9,"column":31},"end":{"line":9,"column":32}},"loc":{"start":{"line":9,"column":38},"end":{"line":9,"column":59}},"line":9},"3":{"name":"(anonymous_3)","decl":{"start":{"line":29,"column":36},"end":{"line":29,"column":37}},"loc":{"start":{"line":30,"column":14},"end":{"line":30,"column":64}},"line":30},"4":{"name":"(anonymous_4)","decl":{"start":{"line":36,"column":37},"end":{"line":36,"column":38}},"loc":{"start":{"line":37,"column":14},"end":{"line":37,"column":41}},"line":37}},"branchMap":{"0":{"loc":{"start":{"line":12,"column":2},"end":{"line":12,"column":47}},"type":"if","locations":[{"start":{"line":12,"column":2},"end":{"line":12,"column":47}},{"start":{},"end":{}}],"line":12}},"s":{"0":1,"1":1,"2":1,"3":2,"4":0,"5":1,"6":1,"7":0,"8":0,"9":0},"f":{"0":1,"1":2,"2":0,"3":0,"4":0},"b":{"0":[1,0]},"_coverageSchema":"1a1c01bbd47fc00a2c39e90264f33305004495a9","hash":"02d4150c2dac5c2c10961ef6c06dab00c80ca197"}
,"E:\\Projects\\recipe-app\\src\\redux\\recipeSlice.js": {"path":"E:\\Projects\\recipe-app\\src\\redux\\recipeSlice.js","statementMap":{"0":{"start":{"line":4,"column":28},"end":{"line":8,"column":2}},"1":{"start":{"line":5,"column":19},"end":{"line":5,"column":67}},"2":{"start":{"line":6,"column":2},"end":{"line":6,"column":32}},"3":{"start":{"line":7,"column":2},"end":{"line":7,"column":31}},"4":{"start":{"line":10,"column":20},"end":{"line":28,"column":2}},"5":{"start":{"line":15,"column":4},"end":{"line":26,"column":9}},"6":{"start":{"line":17,"column":8},"end":{"line":17,"column":29}},"7":{"start":{"line":20,"column":8},"end":{"line":20,"column":30}},"8":{"start":{"line":21,"column":8},"end":{"line":21,"column":39}},"9":{"start":{"line":24,"column":8},"end":{"line":24,"column":30}},"10":{"start":{"line":25,"column":8},"end":{"line":25,"column":43}}},"fnMap":{"0":{"name":"(anonymous_0)","decl":{"start":{"line":4,"column":69},"end":{"line":4,"column":70}},"loc":{"start":{"line":4,"column":81},"end":{"line":8,"column":1}},"line":4},"1":{"name":"(anonymous_1)","decl":{"start":{"line":14,"column":17},"end":{"line":14,"column":18}},"loc":{"start":{"line":14,"column":30},"end":{"line":27,"column":3}},"line":14},"2":{"name":"(anonymous_2)","decl":{"start":{"line":16,"column":37},"end":{"line":16,"column":38}},"loc":{"start":{"line":16,"column":48},"end":{"line":18,"column":7}},"line":16},"3":{"name":"(anonymous_3)","decl":{"start":{"line":19,"column":39},"end":{"line":19,"column":40}},"loc":{"start":{"line":19,"column":58},"end":{"line":22,"column":7}},"line":19},"4":{"name":"(anonymous_4)","decl":{"start":{"line":23,"column":38},"end":{"line":23,"column":39}},"loc":{"start":{"line":23,"column":57},"end":{"line":26,"column":7}},"line":23}},"branchMap":{},"s":{"0":3,"1":6,"2":1,"3":1,"4":3,"5":3,"6":6,"7":1,"8":1,"9":0,"10":0},"f":{"0":6,"1":3,"2":6,"3":1,"4":0},"b":{},"_coverageSchema":"1a1c01bbd47fc00a2c39e90264f33305004495a9","hash":"ec9b4feaca22ef2ef170e44204231edb1f88e8c2"}
,"E:\\Projects\\recipe-app\\src\\redux\\store.js": {"path":"E:\\Projects\\recipe-app\\src\\redux\\store.js","statementMap":{"0":{"start":{"line":4,"column":21},"end":{"line":8,"column":2}}},"fnMap":{},"branchMap":{},"s":{"0":1},"f":{},"b":{},"_coverageSchema":"1a1c01bbd47fc00a2c39e90264f33305004495a9","hash":"44d92ae803e9616f969938d3b77ea2d192bf3939"}
}
